<?xml version="1.0" encoding="UTF-8"?>
<testsuites>
  <testsuite name="/Users/macbookpro/Desktop/package/superban/phpunit.xml.dist" tests="2" assertions="3" errors="0" failures="0" skipped="0" time="0.369754">
    <testsuite name="SuperBan Test Suite" tests="2" assertions="3" errors="0" failures="0" skipped="0" time="0.369754">
      <testsuite name="Edenlife\Superban\Tests\SuperBanServiceProviderTest" file="/Users/macbookpro/Desktop/package/superban/tests/SuperBanServiceProviderTest.php" tests="2" assertions="3" errors="0" failures="0" skipped="0" time="0.369754">
        <testcase name="test_service_provider_registers_superban_singleton" file="/Users/macbookpro/Desktop/package/superban/tests/SuperBanServiceProviderTest.php" line="16" class="Edenlife\Superban\Tests\SuperBanServiceProviderTest" classname="Edenlife.Superban.Tests.SuperBanServiceProviderTest" assertions="1" time="0.360348"/>
        <testcase name="test_service_provider_registers_middleware" file="/Users/macbookpro/Desktop/package/superban/tests/SuperBanServiceProviderTest.php" line="24" class="Edenlife\Superban\Tests\SuperBanServiceProviderTest" classname="Edenlife.Superban.Tests.SuperBanServiceProviderTest" assertions="2" time="0.009407"/>
      </testsuite>
    </testsuite>
  </testsuite>
</testsuites>
